2020-08-24 00:00:00.000  [ Thread-8:1606015055 ] - [ INFO ]  MyScreen> execute: Ping, 0.101 secs, result: 正確
2020-08-24 00:00:00.001  [ Thread-8:1606015056 ] - [ INFO ]  MyScreen> 54-01 bufferSize:14336, fixedSeqNo:-1, fixedPhyType:-1
2020-08-24 00:00:00.001  [ Thread-8:1606015056 ] - [ INFO ]  MyScreen> Fixed SeqNo: null
2020-08-24 00:00:00.001  [ Thread-8:1606015056 ] - [ INFO ]  MyScreen> BX5 Series 单基色(96,32) - matrix:RG colorBytes:1 unitDataFactor:4
2020-08-24 00:00:00.001  [ Thread-8:1606015056 ] - [ INFO ]  MyScreen> connect result: 54-01@01-00, screen:(96,32), color:1, brightness:16, onOff:1, ver:19070810
2020-08-24 00:00:00.001  [ Thread-8:1606015056 ] - [ INFO ]  连接完成...
2020-08-24 00:00:00.003  [ Thread-5728239:1606015058 ] - [ INFO ]  MyScreen> execute: UpdateDynamicAreaCmd, result: 正確
2020-08-24 00:00:00.019  [ Thread-5728239:1606015074 ] - [ INFO ]  MyScreen> disconnect
2020-08-24 00:00:00.150  [ Thread-8:1606015205 ] - [ INFO ]  MyScreen> execute: UpdateDynamicAreaCmd, result: 正確
2020-08-24 00:00:00.151  [ Thread-8:1606015206 ] - [ INFO ]  MyScreen> disconnect
2020-08-24 00:00:00.152  [ Thread-8:1606015207 ] - [ INFO ]  属性设置完毕...
2020-08-24 00:00:00.152  [ Thread-8:1606015207 ] - [ INFO ]  开始连接...
2020-08-24 00:00:00.157  [ Thread-8:1606015212 ] - [ INFO ]  MyScreen> connect to 192.168.193.154:5005
2020-08-24 00:00:00.258  [ Thread-8:1606015313 ] - [ INFO ]  MyScreen> execute: Ping, 0.101 secs, result: 正確
2020-08-24 00:00:00.259  [ Thread-8:1606015314 ] - [ INFO ]  MyScreen> 54-01 bufferSize:14336, fixedSeqNo:-1, fixedPhyType:-1
2020-08-24 00:00:00.259  [ Thread-8:1606015314 ] - [ INFO ]  MyScreen> Fixed SeqNo: null
2020-08-24 00:00:00.259  [ Thread-8:1606015314 ] - [ INFO ]  MyScreen> BX5 Series 单基色(96,32) - matrix:RG colorBytes:1 unitDataFactor:4
2020-08-24 00:00:00.259  [ Thread-8:1606015314 ] - [ INFO ]  MyScreen> connect result: 54-01@01-00, screen:(96,32), color:1, brightness:16, onOff:1, ver:19070810
2020-08-24 00:00:00.259  [ Thread-8:1606015314 ] - [ INFO ]  连接完成...
2020-08-24 00:00:00.362  [ Thread-8:1606015417 ] - [ INFO ]  MyScreen> execute: UpdateDynamicAreaCmd, result: 正確
2020-08-24 00:00:00.362  [ Thread-8:1606015417 ] - [ INFO ]  MyScreen> disconnect
2020-08-24 00:00:03.616  [ Thread-5630451:1606018671 ] - [ INFO ]  原始11位数据:0x11 0x42 0x00 0x20 0x00 0x08 0x02 0x08 0x00 0xEC 0x49
2020-08-24 00:00:03.617  [ Thread-5630451:1606018672 ] - [ INFO ]  DI:1,s4=0
2020-08-24 00:00:03.617  [ Thread-5630451:1606018672 ] - [ INFO ]  num:2
2020-08-24 00:00:03.617  [ Thread-5630451:1606018672 ] - [ INFO ]  DI:2,s4=0
2020-08-24 00:00:03.617  [ Thread-5630451:1606018672 ] - [ INFO ]  num:320
2020-08-24 00:00:03.617  [ Thread-5630451:1606018672 ] - [ INFO ]  DI:3,s4=0
2020-08-24 00:00:03.617  [ Thread-5630451:1606018672 ] - [ INFO ]  num:400
2020-08-24 00:00:03.617  [ Thread-5630451:1606018672 ] - [ INFO ]  DI:4,s4=1
2020-08-24 00:00:03.617  [ Thread-5630451:1606018672 ] - [ INFO ]  两次不一致，进来...
2020-08-24 00:00:03.617  [ Thread-5630451:1606018672 ] - [ INFO ]  num:386
2020-08-24 00:00:03.617  [ Thread-5630451:1606018672 ] - [ INFO ]  DI:5,s4=0
2020-08-24 00:00:03.617  [ Thread-5630451:1606018672 ] - [ INFO ]  DI:6,s4=0
2020-08-24 00:00:03.617  [ Thread-5630451:1606018672 ] - [ INFO ]  DI:7,s4=0
2020-08-24 00:00:03.617  [ Thread-5630451:1606018672 ] - [ INFO ]  DI:8,s4=0
2020-08-24 00:00:04.436  [ Thread-5630451:1606019491 ] - [ INFO ]  原始11位数据:0x11 0x42 0x00 0x20 0x00 0x08 0x02 0x00 0x00 0xEB 0x89
2020-08-24 00:00:04.437  [ Thread-5630451:1606019492 ] - [ INFO ]  DI:1,s4=0
2020-08-24 00:00:04.437  [ Thread-5630451:1606019492 ] - [ INFO ]  num:2
2020-08-24 00:00:04.437  [ Thread-5630451:1606019492 ] - [ INFO ]  DI:2,s4=0
2020-08-24 00:00:04.437  [ Thread-5630451:1606019492 ] - [ INFO ]  num:320
2020-08-24 00:00:04.437  [ Thread-5630451:1606019492 ] - [ INFO ]  DI:3,s4=0
2020-08-24 00:00:04.437  [ Thread-5630451:1606019492 ] - [ INFO ]  num:400
2020-08-24 00:00:04.437  [ Thread-5630451:1606019492 ] - [ INFO ]  DI:4,s4=0
2020-08-24 00:00:04.437  [ Thread-5630451:1606019492 ] - [ INFO ]  两次不一致，进来...
2020-08-24 00:00:04.437  [ Thread-5630451:1606019492 ] - [ INFO ]  820
2020-08-24 00:00:04.437  [ Thread-5630451:1606019492 ] - [ INFO ]  警告，计算连包，具体消耗时间:820
2020-08-24 00:00:04.437  [ Thread-5630451:1606019492 ] - [ INFO ]  num:387
2020-08-24 00:00:04.437  [ Thread-5630451:1606019492 ] - [ INFO ]  DI:5,s4=0
2020-08-24 00:00:04.438  [ Thread-5630451:1606019493 ] - [ INFO ]  DI:6,s4=0
2020-08-24 00:00:04.438  [ Thread-5630451:1606019493 ] - [ INFO ]  DI:7,s4=0
2020-08-24 00:00:04.438  [ Thread-5630451:1606019493 ] - [ INFO ]  DI:8,s4=0
2020-08-24 00:00:04.479  [ Thread-8:1606019534 ] - [ INFO ]  属性设置完毕...
2020-08-24 00:00:04.479  [ Thread-8:1606019534 ] - [ INFO ]  开始连接...
2020-08-24 00:00:04.481  [ Thread-8:1606019536 ] - [ INFO ]  MyScreen> connect to 192.168.193.152:5005
2020-08-24 00:00:04.582  [ Thread-5728239:1606019637 ] - [ INFO ]  属性设置完毕...
2020-08-24 00:00:04.582  [ Thread-5728239:1606019637 ] - [ INFO ]  开始连接...
2020-08-24 00:00:04.583  [ Thread-8:1606019638 ] - [ INFO ]  MyScreen> execute: Ping, 0.101 secs, result: 正確
2020-08-24 00:00:04.583  [ Thread-8:1606019638 ] - [ INFO ]  MyScreen> 54-01 bufferSize:14336, fixedSeqNo:-1, fixedPhyType:-1
2020-08-24 00:00:04.583  [ Thread-8:1606019638 ] - [ INFO ]  MyScreen> Fixed SeqNo: null
2020-08-24 00:00:04.583  [ Thread-8:1606019638 ] - [ INFO ]  MyScreen> BX5 Series 单基色(96,32) - matrix:RG colorBytes:1 unitDataFactor:4
2020-08-24 00:00:04.583  [ Thread-8:1606019638 ] - [ INFO ]  MyScreen> connect result: 54-01@01-00, screen:(96,32), color:1, brightness:16, onOff:1, ver:19070810
2020-08-24 00:00:04.583  [ Thread-8:1606019638 ] - [ INFO ]  连接完成...
2020-08-24 00:00:04.583  [ Thread-5728239:1606019638 ] - [ INFO ]  MyScreen> connect to 192.168.193.150:5005
2020-08-24 00:00:04.685  [ Thread-5728239:1606019740 ] - [ INFO ]  MyScreen> execute: Ping, 0.101 secs, result: 正確
2020-08-24 00:00:04.685  [ Thread-5728239:1606019740 ] - [ INFO ]  MyScreen> 54-01 bufferSize:14336, fixedSeqNo:-1, fixedPhyType:-1
2020-08-24 00:00:04.685  [ Thread-5728239:1606019740 ] - [ INFO ]  MyScreen> Fixed SeqNo: null
2020-08-24 00:00:04.685  [ Thread-5728239:1606019740 ] - [ INFO ]  MyScreen> BX5 Series 单基色(96,32) - matrix:RG colorBytes:1 unitDataFactor:4
2020-08-24 00:00:04.686  [ Thread-5728239:1606019741 ] - [ INFO ]  MyScreen> connect result: 54-01@01-00, screen:(96,32), color:1, brightness:16, onOff:1, ver:19070810
2020-08-24 00:00:04.686  [ Thread-5728239:1606019741 ] - [ INFO ]  连接完成...
2020-08-24 00:00:04.686  [ Thread-8:1606019741 ] - [ INFO ]  MyScreen> execute: UpdateDynamicAreaCmd, result: 正確
2020-08-24 00:00:04.690  [ Thread-8:1606019745 ] - [ INFO ]  MyScreen> disconnect
2020-08-24 00:00:04.796  [ Thread-8:1606019851 ] - [ INFO ]  属性设置完毕...
2020-08-24 00:00:04.796  [ Thread-8:1606019851 ] - [ INFO ]  开始连接...
2020-08-24 00:00:04.797  [ Thread-5728239:1606019852 ] - [ INFO ]  MyScreen> execute: UpdateDynamicAreaCmd, result: 正確
2020-08-24 00:00:04.798  [ Thread-8:1606019853 ] - [ INFO ]  MyScreen> connect to 192.168.193.154:5005
2020-08-24 00:00:04.804  [ Thread-5728239:1606019859 ] - [ INFO ]  MyScreen> disconnect
2020-08-24 00:00:04.920  [ Thread-8:1606019975 ] - [ INFO ]  MyScreen> execute: Ping, 0.122 secs, result: 正確
2020-08-24 00:00:04.920  [ Thread-8:1606019975 ] - [ INFO ]  MyScreen> 54-01 bufferSize:14336, fixedSeqNo:-1, fixedPhyType:-1
2020-08-24 00:00:04.920  [ Thread-8:1606019975 ] - [ INFO ]  MyScreen> Fixed SeqNo: null
2020-08-24 00:00:04.921  [ Thread-8:1606019976 ] - [ INFO ]  MyScreen> BX5 Series 单基色(96,32) - matrix:RG colorBytes:1 unitDataFactor:4
2020-08-24 00:00:04.921  [ Thread-8:1606019976 ] - [ INFO ]  MyScreen> connect result: 54-01@01-00, screen:(96,32), color:1, brightness:16, onOff:1, ver:19070810
2020-08-24 00:00:04.921  [ Thread-8:1606019976 ] - [ INFO ]  连接完成...
2020-08-24 00:00:04.986  [ Thread-5630451:1606020041 ] - [ INFO ]  原始11位数据:0x11 0x42 0x00 0x20 0x00 0x08 0x02 0x08 0x00 0xEC 0x49
2020-08-24 00:00:04.987  [ Thread-5630451:1606020042 ] - [ INFO ]  DI:1,s4=0
2020-08-24 00:00:04.987  [ Thread-5630451:1606020042 ] - [ INFO ]  num:2
2020-08-24 00:00:04.987  [ Thread-5630451:1606020042 ] - [ INFO ]  DI:2,s4=0
2020-08-24 00:00:04.987  [ Thread-5630451:1606020042 ] - [ INFO ]  num:320
2020-08-24 00:00:04.987  [ Thread-5630451:1606020042 ] - [ INFO ]  DI:3,s4=0
2020-08-24 00:00:04.987  [ Thread-5630451:1606020042 ] - [ INFO ]  num:400
2020-08-24 00:00:04.987  [ Thread-5630451:1606020042 ] - [ INFO ]  DI:4,s4=1
2020-08-24 00:00:04.987  [ Thread-5630451:1606020042 ] - [ INFO ]  两次不一致，进来...
2020-08-24 00:00:04.987  [ Thread-5630451:1606020042 ] - [ INFO ]  num:387
2020-08-24 00:00:04.987  [ Thread-5630451:1606020042 ] - [ INFO ]  DI:5,s4=0
2020-08-24 00:00:04.987  [ Thread-5630451:1606020042 ] - [ INFO ]  DI:6,s4=0
2020-08-24 00:00:04.987  [ Thread-5630451:1606020042 ] - [ INFO ]  DI:7,s4=0
2020-08-24 00:00:04.987  [ Thread-5630451:1606020042 ] - [ INFO ]  DI:8,s4=0
2020-08-24 00:00:05.023  [ Thread-8:1606020078 ] - [ INFO ]  MyScreen> execute: UpdateDynamicAreaCmd, result: 正確
2020-08-24 00:00:05.023  [ Thread-8:1606020078 ] - [ INFO ]  MyScreen> disconnect
2020-08-24 00:00:05.816  [ Thread-5630451:1606020871 ] - [ INFO ]  原始11位数据:0x11 0x42 0x00 0x20 0x00 0x08 0x02 0x00 0x00 0xEB 0x89
2020-08-24 00:00:05.817  [ Thread-5630451:1606020872 ] - [ INFO ]  DI:1,s4=0
2020-08-24 00:00:05.817  [ Thread-5630451:1606020872 ] - [ INFO ]  num:2
2020-08-24 00:00:05.817  [ Thread-5630451:1606020872 ] - [ INFO ]  DI:2,s4=0
2020-08-24 00:00:05.817  [ Thread-5630451:1606020872 ] - [ INFO ]  num:320
2020-08-24 00:00:05.817  [ Thread-5630451:1606020872 ] - [ INFO ]  DI:3,s4=0
2020-08-24 00:00:05.817  [ Thread-5630451:1606020872 ] - [ INFO ]  num:400
2020-08-24 00:00:05.817  [ Thread-5630451:1606020872 ] - [ INFO ]  DI:4,s4=0
2020-08-24 00:00:05.817  [ Thread-5630451:1606020872 ] - [ INFO ]  两次不一致，进来...
2020-08-24 00:00:05.817  [ Thread-5630451:1606020872 ] - [ INFO ]  830
2020-08-24 00:00:05.817  [ Thread-5630451:1606020872 ] - [ INFO ]  警告，计算连包，具体消耗时间:830
2020-08-24 00:00:05.817  [ Thread-5630451:1606020872 ] - [ INFO ]  num:388
2020-08-24 00:00:05.817  [ Thread-5630451:1606020872 ] - [ INFO ]  DI:5,s4=0
2020-08-24 00:00:05.818  [ Thread-5630451:1606020873 ] - [ INFO ]  DI:6,s4=0
2020-08-24 00:00:05.818  [ Thread-5630451:1606020873 ] - [ INFO ]  DI:7,s4=0
2020-08-24 00:00:05.818  [ Thread-5630451:1606020873 ] - [ INFO ]  DI:8,s4=0
2020-08-24 00:00:05.934  [ Thread-5728239:1606020989 ] - [ INFO ]  属性设置完毕...
2020-08-24 00:00:05.934  [ Thread-5728239:1606020989 ] - [ INFO ]  开始连接...
2020-08-24 00:00:05.936  [ Thread-5728239:1606020991 ] - [ INFO ]  MyScreen> connect to 192.168.193.150:5005
2020-08-24 00:00:06.038  [ Thread-5728239:1606021093 ] - [ INFO ]  MyScreen> execute: Ping, 0.101 secs, result: 正確
2020-08-24 00:00:06.038  [ Thread-5728239:1606021093 ] - [ INFO ]  MyScreen> 54-01 bufferSize:14336, fixedSeqNo:-1, fixedPhyType:-1
2020-08-24 00:00:06.038  [ Thread-5728239:1606021093 ] - [ INFO ]  MyScreen> Fixed SeqNo: null
2020-08-24 00:00:06.038  [ Thread-5728239:1606021093 ] - [ INFO ]  MyScreen> BX5 Series 单基色(96,32) - matrix:RG colorBytes:1 unitDataFactor:4
2020-08-24 00:00:06.039  [ Thread-5728239:1606021094 ] - [ INFO ]  MyScreen> connect result: 54-01@01-00, screen:(96,32), color:1, brightness:16, onOff:1, ver:19070810
2020-08-24 00:00:06.039  [ Thread-5728239:1606021094 ] - [ INFO ]  连接完成...
2020-08-24 00:00:06.133  [ Thread-8:1606021188 ] - [ INFO ]  属性设置完毕...
2020-08-24 00:00:06.133  [ Thread-8:1606021188 ] - [ INFO ]  开始连接...
2020-08-24 00:00:06.134  [ Thread-8:1606021189 ] - [ INFO ]  MyScreen> connect to 192.168.193.152:5005
2020-08-24 00:00:06.141  [ Thread-5728239:1606021196 ] - [ INFO ]  MyScreen> execute: UpdateDynamicAreaCmd, result: 正確
2020-08-24 00:00:06.142  [ Thread-5728239:1606021197 ] - [ INFO ]  MyScreen> disconnect
2020-08-24 00:00:06.251  [ Thread-8:1606021306 ] - [ INFO ]  MyScreen> execute: Ping, 0.116 secs, result: 正確
2020-08-24 00:00:06.251  [ Thread-8:1606021306 ] - [ INFO ]  MyScreen> 54-01 bufferSize:14336, fixedSeqNo:-1, fixedPhyType:-1
2020-08-24 00:00:06.251  [ Thread-8:1606021306 ] - [ INFO ]  MyScreen> Fixed SeqNo: null
2020-08-24 00:00:06.251  [ Thread-8:1606021306 ] - [ INFO ]  MyScreen> BX5 Series 单基色(96,32) - matrix:RG colorBytes:1 unitDataFactor:4
2020-08-24 00:00:06.251  [ Thread-8:1606021306 ] - [ INFO ]  MyScreen> connect result: 54-01@01-00, screen:(96,32), color:1, brightness:16, onOff:1, ver:19070810
2020-08-24 00:00:06.251  [ Thread-8:1606021306 ] - [ INFO ]  连接完成...
2020-08-24 00:00:06.353  [ Thread-8:1606021408 ] - [ INFO ]  MyScreen> execute: UpdateDynamicAreaCmd, result: 正確
2020-08-24 00:00:06.357  [ Thread-8:1606021412 ] - [ INFO ]  MyScreen> disconnect
2020-08-24 00:00:06.472  [ Thread-8:1606021527 ] - [ INFO ]  属性设置完毕...
2020-08-24 00:00:06.473  [ Thread-8:1606021528 ] - [ INFO ]  开始连接...
2020-08-24 00:00:06.477  [ Thread-8:1606021532 ] - [ INFO ]  MyScreen> connect to 192.168.193.154:5005
2020-08-24 00:00:06.496  [ Thread-5630451:1606021551 ] - [ INFO ]  原始11位数据:0x11 0x42 0x00 0x20 0x00 0x08 0x02 0x08 0x00 0xEC 0x49
2020-08-24 00:00:06.497  [ Thread-5630451:1606021552 ] - [ INFO ]  DI:1,s4=0
2020-08-24 00:00:06.497  [ Thread-5630451:1606021552 ] - [ INFO ]  num:2
2020-08-24 00:00:06.497  [ Thread-5630451:1606021552 ] - [ INFO ]  DI:2,s4=0
2020-08-24 00:00:06.497  [ Thread-5630451:1606021552 ] - [ INFO ]  num:320
2020-08-24 00:00:06.497  [ Thread-5630451:1606021552 ] - [ INFO ]  DI:3,s4=0
2020-08-24 00:00:06.497  [ Thread-5630451:1606021552 ] - [ INFO ]  num:400
2020-08-24 00:00:06.497  [ Thread-5630451:1606021552 ] - [ INFO ]  DI:4,s4=1
2020-08-24 00:00:06.497  [ Thread-5630451:1606021552 ] - [ INFO ]  两次不一致，进来...
2020-08-24 00:00:06.497  [ Thread-5630451:1606021552 ] - [ INFO ]  num:388
2020-08-24 00:00:06.497  [ Thread-5630451:1606021552 ] - [ INFO ]  DI:5,s4=0
2020-08-24 00:00:06.497  [ Thread-5630451:1606021552 ] - [ INFO ]  DI:6,s4=0
2020-08-24 00:00:06.498  [ Thread-5630451:1606021553 ] - [ INFO ]  DI:7,s4=0
2020-08-24 00:00:06.498  [ Thread-5630451:1606021553 ] - [ INFO ]  DI:8,s4=0
2020-08-24 00:00:06.583  [ Thread-8:1606021638 ] - [ INFO ]  MyScreen> execute: Ping, 0.106 secs, result: 正確
2020-08-24 00:00:06.583  [ Thread-8:1606021638 ] - [ INFO ]  MyScreen> 54-01 bufferSize:14336, fixedSeqNo:-1, fixedPhyType:-1
2020-08-24 00:00:06.583  [ Thread-8:1606021638 ] - [ INFO ]  MyScreen> Fixed SeqNo: null
2020-08-24 00:00:06.583  [ Thread-8:1606021638 ] - [ INFO ]  MyScreen> BX5 Series 单基色(96,32) - matrix:RG colorBytes:1 unitDataFactor:4
2020-08-24 00:00:06.583  [ Thread-8:1606021638 ] - [ INFO ]  MyScreen> connect result: 54-01@01-00, screen:(96,32), color:1, brightness:16, onOff:1, ver:19070810
2020-08-24 00:00:06.584  [ Thread-8:1606021639 ] - [ INFO ]  连接完成...
2020-08-24 00:00:06.686  [ Thread-8:1606021741 ] - [ INFO ]  MyScreen> execute: UpdateDynamicAreaCmd, result: 正確
2020-08-24 00:00:06.686  [ Thread-8:1606021741 ] - [ INFO ]  MyScreen> disconnect
2020-08-24 00:00:07.337  [ Thread-5630451:1606022392 ] - [ INFO ]  原始11位数据:0x11 0x42 0x00 0x20 0x00 0x08 0x02 0x00 0x00 0xEB 0x89
2020-08-24 00:00:07.337  [ Thread-5630451:1606022392 ] - [ INFO ]  DI:1,s4=0
2020-08-24 00:00:07.337  [ Thread-5630451:1606022392 ] - [ INFO ]  num:2
2020-08-24 00:00:07.337  [ Thread-5630451:1606022392 ] - [ INFO ]  DI:2,s4=0
2020-08-24 00:00:07.337  [ Thread-5630451:1606022392 ] - [ INFO ]  num:320
2020-08-24 00:00:07.337  [ Thread-5630451:1606022392 ] - [ INFO ]  DI:3,s4=0
2020-08-24 00:00:07.337  [ Thread-5630451:1606022392 ] - [ INFO ]  num:400
2020-08-24 00:00:07.337  [ Thread-5630451:1606022392 ] - [ INFO ]  DI:4,s4=0
2020-08-24 00:00:07.337  [ Thread-5630451:1606022392 ] - [ INFO ]  两次不一致，进来...
2020-08-24 00:00:07.337  [ Thread-5630451:1606022392 ] - [ INFO ]  840
2020-08-24 00:00:07.337  [ Thread-5630451:1606022392 ] - [ INFO ]  警告，计算连包，具体消耗时间:840
2020-08-24 00:00:07.337  [ Thread-5630451:1606022392 ] - [ INFO ]  num:389
2020-08-24 00:00:07.337  [ Thread-5630451:1606022392 ] - [ INFO ]  DI:5,s4=0
2020-08-24 00:00:07.338  [ Thread-5630451:1606022393 ] - [ INFO ]  DI:6,s4=0
2020-08-24 00:00:07.338  [ Thread-5630451:1606022393 ] - [ INFO ]  DI:7,s4=0
2020-08-24 00:00:07.338  [ Thread-5630451:1606022393 ] - [ INFO ]  DI:8,s4=0
2020-08-24 00:00:07.500  [ Thread-5728239:1606022555 ] - [ INFO ]  属性设置完毕...
2020-08-24 00:00:07.500  [ Thread-5728239:1606022555 ] - [ INFO ]  开始连接...
2020-08-24 00:00:07.502  [ Thread-5728239:1606022557 ] - [ INFO ]  MyScreen> connect to 192.168.193.150:5005
2020-08-24 00:00:07.603  [ Thread-5728239:1606022658 ] - [ INFO ]  MyScreen> execute: Ping, 0.101 secs, result: 正確
2020-08-24 00:00:07.603  [ Thread-5728239:1606022658 ] - [ INFO ]  MyScreen> 54-01 bufferSize:14336, fixedSeqNo:-1, fixedPhyType:-1
2020-08-24 00:00:07.604  [ Thread-5728239:1606022659 ] - [ INFO ]  MyScreen> Fixed SeqNo: null
2020-08-24 00:00:07.604  [ Thread-5728239:1606022659 ] - [ INFO ]  MyScreen> BX5 Series 单基色(96,32) - matrix:RG colorBytes:1 unitDataFactor:4
2020-08-24 00:00:07.604  [ Thread-5728239:1606022659 ] - [ INFO ]  MyScreen> connect result: 54-01@01-00, screen:(96,32), color:1, brightness:16, onOff:1, ver:19070810
2020-08-24 00:00:07.604  [ Thread-5728239:1606022659 ] - [ INFO ]  连接完成...
2020-08-24 00:00:07.706  [ Thread-5728239:1606022761 ] - [ INFO ]  MyScreen> execute: UpdateDynamicAreaCmd, result: 正確
2020-08-24 00:00:07.706  [ Thread-5728239:1606022761 ] - [ INFO ]  MyScreen> disconnect
2020-08-24 00:00:07.813  [ Thread-8:1606022868 ] - [ INFO ]  属性设置完毕...
2020-08-24 00:00:07.814  [ Thread-8:1606022869 ] - [ INFO ]  开始连接...
2020-08-24 00:00:07.816  [ Thread-8:1606022871 ] - [ INFO ]  MyScreen> connect to 192.168.193.152:5005
2020-08-24 00:00:07.917  [ Thread-8:1606022972 ] - [ INFO ]  MyScreen> execute: Ping, 0.101 secs, result: 正確
2020-08-24 00:00:07.917  [ Thread-8:1606022972 ] - [ INFO ]  MyScreen> 54-01 bufferSize:14336, fixedSeqNo:-1, fixedPhyType:-1
2020-08-24 00:00:07.917  [ Thread-8:1606022972 ] - [ INFO ]  MyScreen> Fixed SeqNo: null
2020-08-24 00:00:07.917  [ Thread-8:1606022972 ] - [ INFO ]  MyScreen> BX5 Series 单基色(96,32) - matrix:RG colorBytes:1 unitDataFactor:4
2020-08-24 00:00:07.917  [ Thread-8:1606022972 ] - [ INFO ]  MyScreen> connect result: 54-01@01-00, screen:(96,32), color:1, brightness:16, onOff:1, ver:19070810
2020-08-24 00:00:07.918  [ Thread-8:1606022973 ] - [ INFO ]  连接完成...
2020-08-24 00:00:07.936  [ Thread-5630451:1606022991 ] - [ INFO ]  原始11位数据:0x11 0x42 0x00 0x20 0x00 0x08 0x02 0x08 0x00 0xEC 0x49
2020-08-24 00:00:07.937  [ Thread-5630451:1606022992 ] - [ INFO ]  DI:1,s4=0
2020-08-24 00:00:07.937  [ Thread-5630451:1606022992 ] - [ INFO ]  num:2
2020-08-24 00:00:07.937  [ Thread-5630451:1606022992 ] - [ INFO ]  DI:2,s4=0
2020-08-24 00:00:07.937  [ Thread-5630451:1606022992 ] - [ INFO ]  num:320
2020-08-24 00:00:07.937  [ Thread-5630451:1606022992 ] - [ INFO ]  DI:3,s4=0
2020-08-24 00:00:07.937  [ Thread-5630451:1606022992 ] - [ INFO ]  num:400
2020-08-24 00:00:07.937  [ Thread-5630451:1606022992 ] - [ INFO ]  DI:4,s4=1
2020-08-24 00:00:07.937  [ Thread-5630451:1606022992 ] - [ INFO ]  两次不一致，进来...
2020-08-24 00:00:07.937  [ Thread-5630451:1606022992 ] - [ INFO ]  num:389
2020-08-24 00:00:07.937  [ Thread-5630451:1606022992 ] - [ INFO ]  DI:5,s4=0
2020-08-24 00:00:07.937  [ Thread-5630451:1606022992 ] - [ INFO ]  DI:6,s4=0
2020-08-24 00:00:07.937  [ Thread-5630451:1606022992 ] - [ INFO ]  DI:7,s4=0
2020-08-24 00:00:07.937  [ Thread-5630451:1606022992 ] - [ INFO ]  DI:8,s4=0
2020-08-24 00:00:08.021  [ Thread-8:1606023076 ] - [ INFO ]  MyScreen> execute: UpdateDynamicAreaCmd, result: 正確
2020-08-24 00:00:08.021  [ Thread-8:1606023076 ] - [ INFO ]  MyScreen> disconnect
2020-08-24 00:00:08.129  [ Thread-8:1606023184 ] - [ INFO ]  属性设置完毕...
2020-08-24 00:00:08.129  [ Thread-8:1606023184 ] - [ INFO ]  开始连接...
2020-08-24 00:00:08.131  [ Thread-8:1606023186 ] - [ INFO ]  MyScreen> connect to 192.168.193.154:5005
2020-08-24 00:00:08.233  [ Thread-8:1606023288 ] - [ INFO ]  MyScreen> execute: Ping, 0.101 secs, result: 正確
2020-08-24 00:00:08.233  [ Thread-8:1606023288 ] - [ INFO ]  MyScreen> 54-01 bufferSize:14336, fixedSeqNo:-1, fixedPhyType:-1
2020-08-24 00:00:08.233  [ Thread-8:1606023288 ] - [ INFO ]  MyScreen> Fixed SeqNo: null
2020-08-24 00:00:08.233  [ Thread-8:1606023288 ] - [ INFO ]  MyScreen> BX5 Series 单基色(96,32) - matrix:RG colorBytes:1 unitDataFactor:4
2020-08-24 00:00:08.233  [ Thread-8:1606023288 ] - [ INFO ]  MyScreen> connect result: 54-01@01-00, screen:(96,32), color:1, brightness:16, onOff:1, ver:19070810
2020-08-24 00:00:08.233  [ Thread-8:1606023288 ] - [ INFO ]  连接完成...
2020-08-24 00:00:08.335  [ Thread-8:1606023390 ] - [ INFO ]  MyScreen> execute: UpdateDynamicAreaCmd, result: 正確
2020-08-24 00:00:08.335  [ Thread-8:1606023390 ] - [ INFO ]  MyScreen> disconnect
2020-08-24 00:00:08.777  [ Thread-5630451:1606023832 ] - [ INFO ]  原始11位数据:0x11 0x42 0x00 0x20 0x00 0x08 0x02 0x00 0x00 0xEB 0x89
2020-08-24 00:00:08.777  [ Thread-5630451:1606023832 ] - [ INFO ]  DI:1,s4=0
2020-08-24 00:00:08.777  [ Thread-5630451:1606023832 ] - [ INFO ]  num:2
2020-08-24 00:00:08.777  [ Thread-5630451:1606023832 ] - [ INFO ]  DI:2,s4=0
2020-08-24 00:00:08.777  [ Thread-5630451:1606023832 ] - [ INFO ]  num:320
2020-08-24 00:00:08.777  [ Thread-5630451:1606023832 ] - [ INFO ]  DI:3,s4=0
2020-08-24 00:00:08.777  [ Thread-5630451:1606023832 ] - [ INFO ]  num:400
2020-08-24 00:00:08.777  [ Thread-5630451:1606023832 ] - [ INFO ]  DI:4,s4=0
2020-08-24 00:00:08.777  [ Thread-5630451:1606023832 ] - [ INFO ]  两次不一致，进来...
2020-08-24 00:00:08.777  [ Thread-5630451:1606023832 ] - [ INFO ]  840
2020-08-24 00:00:08.777  [ Thread-5630451:1606023832 ] - [ INFO ]  警告，计算连包，具体消耗时间:840
2020-08-24 00:00:08.777  [ Thread-5630451:1606023832 ] - [ INFO ]  num:390
2020-08-24 00:00:08.778  [ Thread-5630451:1606023833 ] - [ INFO ]  DI:5,s4=0
2020-08-24 00:00:08.778  [ Thread-5630451:1606023833 ] - [ INFO ]  DI:6,s4=0
2020-08-24 00:00:08.778  [ Thread-5630451:1606023833 ] - [ INFO ]  DI:7,s4=0
2020-08-24 00:00:08.778  [ Thread-5630451:1606023833 ] - [ INFO ]  DI:8,s4=0
2020-08-24 00:00:08.842  [ Thread-5728239:1606023897 ] - [ INFO ]  属性设置完毕...
2020-08-24 00:00:08.843  [ Thread-5728239:1606023898 ] - [ INFO ]  开始连接...
2020-08-24 00:00:08.847  [ Thread-5728239:1606023902 ] - [ INFO ]  MyScreen> connect to 192.168.193.150:5005
2020-08-24 00:00:08.942  [ Thread-8:1606023997 ] - [ INFO ]  属性设置完毕...
2020-08-24 00:00:08.942  [ Thread-8:1606023997 ] - [ INFO ]  开始连接...
2020-08-24 00:00:08.943  [ Thread-8:1606023998 ] - [ INFO ]  MyScreen> connect to 192.168.193.152:5005
2020-08-24 00:00:08.949  [ Thread-5728239:1606024004 ] - [ INFO ]  MyScreen> execute: Ping, 0.101 secs, result: 正確
2020-08-24 00:00:08.949  [ Thread-5728239:1606024004 ] - [ INFO ]  MyScreen> 54-01 bufferSize:14336, fixedSeqNo:-1, fixedPhyType:-1
2020-08-24 00:00:08.949  [ Thread-5728239:1606024004 ] - [ INFO ]  MyScreen> Fixed SeqNo: null
2020-08-24 00:00:08.949  [ Thread-5728239:1606024004 ] - [ INFO ]  MyScreen> BX5 Series 单基色(96,32) - matrix:RG colorBytes:1 unitDataFactor:4
2020-08-24 00:00:08.949  [ Thread-5728239:1606024004 ] - [ INFO ]  MyScreen> connect result: 54-01@01-00, screen:(96,32), color:1, brightness:16, onOff:1, ver:19070810
2020-08-24 00:00:08.949  [ Thread-5728239:1606024004 ] - [ INFO ]  连接完成...
2020-08-24 00:00:09.045  [ Thread-8:1606024100 ] - [ INFO ]  MyScreen> execute: Ping, 0.1 secs, result: 正確
2020-08-24 00:00:09.045  [ Thread-8:1606024100 ] - [ INFO ]  MyScreen> 54-01 bufferSize:14336, fixedSeqNo:-1, fixedPhyType:-1
2020-08-24 00:00:09.045  [ Thread-8:1606024100 ] - [ INFO ]  MyScreen> Fixed SeqNo: null
2020-08-24 00:00:09.045  [ Thread-8:1606024100 ] - [ INFO ]  MyScreen> BX5 Series 单基色(96,32) - matrix:RG colorBytes:1 unitDataFactor:4
2020-08-24 00:00:09.045  [ Thread-8:1606024100 ] - [ INFO ]  MyScreen> connect result: 54-01@01-00, screen:(96,32), color:1, brightness:16, onOff:1, ver:19070810
2020-08-24 00:00:09.045  [ Thread-8:1606024100 ] - [ INFO ]  连接完成...
2020-08-24 00:00:09.051  [ Thread-5728239:1606024106 ] - [ INFO ]  MyScreen> execute: UpdateDynamicAreaCmd, result: 正確
2020-08-24 00:00:09.051  [ Thread-5728239:1606024106 ] - [ INFO ]  MyScreen> disconnect
2020-08-24 00:00:09.173  [ Thread-8:1606024228 ] - [ INFO ]  MyScreen> execute: UpdateDynamicAreaCmd, result: 正確
2020-08-24 00:00:09.174  [ Thread-8:1606024229 ] - [ INFO ]  MyScreen> disconnect
2020-08-24 00:00:09.277  [ Thread-8:1606024332 ] - [ INFO ]  属性设置完毕...
2020-08-24 00:00:09.277  [ Thread-8:1606024332 ] - [ INFO ]  开始连接...
2020-08-24 00:00:09.279  [ Thread-8:1606024334 ] - [ INFO ]  MyScreen> connect to 192.168.193.154:5005
2020-08-24 00:00:09.381  [ Thread-8:1606024436 ] - [ INFO ]  MyScreen> execute: Ping, 0.101 secs, result: 正確
2020-08-24 00:00:09.381  [ Thread-8:1606024436 ] - [ INFO ]  MyScreen> 54-01 bufferSize:14336, fixedSeqNo:-1, fixedPhyType:-1
2020-08-24 00:00:09.381  [ Thread-8:1606024436 ] - [ INFO ]  MyScreen> Fixed SeqNo: null
2020-08-24 00:00:09.381  [ Thread-8:1606024436 ] - [ INFO ]  MyScreen> BX5 Series 单基色(96,32) - matrix:RG colorBytes:1 unitDataFactor:4
2020-08-24 00:00:09.381  [ Thread-8:1606024436 ] - [ INFO ]  MyScreen> connect result: 54-01@01-00, screen:(96,32), color:1, brightness:16, onOff:1, ver:19070810